<?xml version="1.0" encoding="UTF-8"?>
<testsuite xmlns:xsi="http://www.w3.org/2001/XMLSchema-instance" xsi:noNamespaceSchemaLocation="https://maven.apache.org/surefire/maven-surefire-plugin/xsd/surefire-test-report.xsd" version="3.0.2" name="de.envite.greenbpm.schulung.referenzimplementierung.fahrzeug.domain.model.FahrzeugIdTest" time="0.124" tests="3" errors="0" skipped="0" failures="0">
  <properties>
[...]
</properties>
  <testcase name="should_throw_exception_if_id_is_null" classname="de.envite.greenbpm.schulung.referenzimplementierung.fahrzeug.domain.model.FahrzeugIdTest" time="0.081"/>
  <testcase name="should_create_valid_fahrzeugId" classname="de.envite.greenbpm.schulung.referenzimplementierung.fahrzeug.domain.model.FahrzeugIdTest" time="0.003"/>
  <testcase name="should_throw_exception_if_id_is_invalid_uuid" classname="de.envite.greenbpm.schulung.referenzimplementierung.fahrzeug.domain.model.FahrzeugIdTest" time="0.002"/>
</testsuite>