<?xml version="1.0" encoding="UTF-8"?>
<testsuite xmlns:xsi="http://www.w3.org/2001/XMLSchema-instance" xsi:noNamespaceSchemaLocation="https://maven.apache.org/surefire/maven-surefire-plugin/xsd/surefire-test-report.xsd" version="3.0.2" name="de.envite.greenbpm.schulung.referenzimplementierung.antragsteller.adapter.out.db.AntragstellerDbMapperTest$ToDomain" time="0.965" tests="1" errors="0" skipped="0" failures="0">
  <properties>
[...]
</properties>
  <testcase name="should_map_all_fields" classname="de.envite.greenbpm.schulung.referenzimplementierung.antragsteller.adapter.out.db.AntragstellerDbMapperTest$ToDomain" time="0.951"/>
</testsuite>