<?xml version="1.0" encoding="UTF-8"?>
<testsuite xmlns:xsi="http://www.w3.org/2001/XMLSchema-instance" xsi:noNamespaceSchemaLocation="https://maven.apache.org/surefire/maven-surefire-plugin/xsd/surefire-test-report.xsd" version="3.0.2" name="de.envite.greenbpm.schulung.referenzimplementierung.fahrzeug.adapter.out.db.FahrzeugJdbcRepositoryTest" time="5.281" tests="3" errors="0" skipped="0" failures="0">
  <properties>
[...]
</properties>
  <testcase name="should_find_all_after_save" classname="de.envite.greenbpm.schulung.referenzimplementierung.fahrzeug.adapter.out.db.FahrzeugJdbcRepositoryTest" time="0.973">
    <system-out><![CDATA[17:19:23.911 [main] INFO org.springframework.test.context.support.AnnotationConfigContextLoaderUtils -- Could not detect default configuration classes for test class [de.envite.greenbpm.schulung.referenzimplementierung.fahrzeug.adapter.out.db.FahrzeugJdbcRepositoryTest]: FahrzeugJdbcRepositoryTest does not declare any static, non-private, non-final, nested classes annotated with @Configuration.
17:19:24.127 [main] INFO org.springframework.boot.test.context.SpringBootTestContextBootstrapper -- Found @SpringBootConfiguration de.envite.greenbpm.schulung.referenzimplementierung.fahrzeug.adapter.out.FahrzeugAdapterOutTestApplication for test class de.envite.greenbpm.schulung.referenzimplementierung.fahrzeug.adapter.out.db.FahrzeugJdbcRepositoryTest

  .   ____          _            __ _ _
 /\\ / ___'_ __ _ _(_)_ __  __ _ \ \ \ \
( ( )\___ | '_ | '_| | '_ \/ _` | \ \ \ \
 \\/  ___)| |_)| | | | | || (_| |  ) ) ) )
  '  |____| .__|_| |_|_| |_\__, | / / / /
 =========|_|==============|___/=/_/_/_/

 :: Spring Boot ::                (v3.5.4)

2025-08-05T17:19:24.800+02:00  INFO 14380 --- [           main] g.s.r.f.a.o.d.FahrzeugJdbcRepositoryTest : Starting FahrzeugJdbcRepositoryTest using Java 21.0.3 with PID 14380 (started by SebastianRoseneck in C:\Users\SebastianRoseneck\Projekte\bpm-referenz-implementierung\backend\business-logic-modulith\fahrzeug\adapter\out)
2025-08-05T17:19:24.802+02:00  INFO 14380 --- [           main] g.s.r.f.a.o.d.FahrzeugJdbcRepositoryTest : No active profile set, falling back to 1 default profile: "default"
2025-08-05T17:19:25.206+02:00  INFO 14380 --- [           main] .s.d.r.c.RepositoryConfigurationDelegate : Bootstrapping Spring Data JDBC repositories in DEFAULT mode.
2025-08-05T17:19:25.348+02:00  INFO 14380 --- [           main] .s.d.r.c.RepositoryConfigurationDelegate : Finished Spring Data repository scanning in 115 ms. Found 1 JDBC repository interface.
2025-08-05T17:19:25.447+02:00  INFO 14380 --- [           main] beddedDataSourceBeanFactoryPostProcessor : Replacing 'dataSource' DataSource bean with embedded version
2025-08-05T17:19:25.682+02:00  INFO 14380 --- [           main] o.s.j.d.e.EmbeddedDatabaseFactory        : Starting embedded database: url='jdbc:h2:mem:28cee88d-52bb-442d-99b8-584411f6e018;DB_CLOSE_DELAY=-1;DB_CLOSE_ON_EXIT=false', username='sa'
2025-08-05T17:19:26.009+02:00  INFO 14380 --- [           main] liquibase.database                       : Set default schema name to PUBLIC
2025-08-05T17:19:26.593+02:00  INFO 14380 --- [           main] liquibase.changelog                      : Creating database history table with name: PUBLIC.DATABASECHANGELOG
2025-08-05T17:19:26.734+02:00  INFO 14380 --- [           main] liquibase.changelog                      : Reading from PUBLIC.DATABASECHANGELOG
2025-08-05T17:19:26.786+02:00  INFO 14380 --- [           main] liquibase.snapshot                       : Creating snapshot
2025-08-05T17:19:26.917+02:00  INFO 14380 --- [           main] liquibase.lockservice                    : Changelog-Protokoll erfolgreich gesperrt.
2025-08-05T17:19:26.918+02:00  INFO 14380 --- [           main] liquibase.command                        : Using deploymentId: 4407165892
2025-08-05T17:19:26.922+02:00  INFO 14380 --- [           main] liquibase.changelog                      : Reading from PUBLIC.DATABASECHANGELOG
2025-08-05T17:19:26.961+02:00  INFO 14380 --- [           main] liquibase.ui                             : Running Changeset: db/changelog/fahrzeug-creation.xml::001-createfahrzeug-table::developer
2025-08-05T17:19:26.972+02:00  INFO 14380 --- [           main] liquibase.changelog                      : Table fahrzeug created
2025-08-05T17:19:26.973+02:00  INFO 14380 --- [           main] liquibase.changelog                      : ChangeSet db/changelog/fahrzeug-creation.xml::001-createfahrzeug-table::developer ran successfully in 10ms
2025-08-05T17:19:26.985+02:00  INFO 14380 --- [           main] liquibase.ui                             : Running Changeset: db/changelog/fahrzeug-test-data-creation.xml::001-createfahrzeug-table::developer
2025-08-05T17:19:26.989+02:00  INFO 14380 --- [           main] liquibase.changelog                      : New row inserted into fahrzeug
2025-08-05T17:19:26.991+02:00  INFO 14380 --- [           main] liquibase.changelog                      : New row inserted into fahrzeug
2025-08-05T17:19:26.993+02:00  INFO 14380 --- [           main] liquibase.changelog                      : New row inserted into fahrzeug
2025-08-05T17:19:26.995+02:00  INFO 14380 --- [           main] liquibase.changelog                      : New row inserted into fahrzeug
2025-08-05T17:19:26.997+02:00  INFO 14380 --- [           main] liquibase.changelog                      : New row inserted into fahrzeug
2025-08-05T17:19:26.999+02:00  INFO 14380 --- [           main] liquibase.changelog                      : New row inserted into fahrzeug
2025-08-05T17:19:26.999+02:00  INFO 14380 --- [           main] liquibase.changelog                      : ChangeSet db/changelog/fahrzeug-test-data-creation.xml::001-createfahrzeug-table::developer ran successfully in 14ms
2025-08-05T17:19:27.010+02:00  INFO 14380 --- [           main] liquibase.util                           : UPDATE SUMMARY
2025-08-05T17:19:27.011+02:00  INFO 14380 --- [           main] liquibase.util                           : Run:                          2
2025-08-05T17:19:27.011+02:00  INFO 14380 --- [           main] liquibase.util                           : Previously run:               0
2025-08-05T17:19:27.011+02:00  INFO 14380 --- [           main] liquibase.util                           : Filtered out:                 0
2025-08-05T17:19:27.011+02:00  INFO 14380 --- [           main] liquibase.util                           : -------------------------------
2025-08-05T17:19:27.011+02:00  INFO 14380 --- [           main] liquibase.util                           : Total change sets:            2
2025-08-05T17:19:27.012+02:00  INFO 14380 --- [           main] liquibase.util                           : Update summary generated
2025-08-05T17:19:27.018+02:00  INFO 14380 --- [           main] liquibase.command                        : Update command completed successfully.
2025-08-05T17:19:27.018+02:00  INFO 14380 --- [           main] liquibase.ui                             : Liquibase: Update has been successful. Rows affected: 8
2025-08-05T17:19:27.021+02:00  INFO 14380 --- [           main] liquibase.lockservice                    : Successfully released change log lock
2025-08-05T17:19:27.023+02:00  INFO 14380 --- [           main] liquibase.command                        : Command execution complete
2025-08-05T17:19:27.897+02:00  INFO 14380 --- [           main] g.s.r.f.a.o.d.FahrzeugJdbcRepositoryTest : Started FahrzeugJdbcRepositoryTest in 3.658 seconds (process running for 6.878)
]]></system-out>
    <system-err><![CDATA[Mockito is currently self-attaching to enable the inline-mock-maker. This will no longer work in future releases of the JDK. Please add Mockito as an agent to your build as described in Mockito's documentation: https://javadoc.io/doc/org.mockito/mockito-core/latest/org.mockito/org/mockito/Mockito.html#0.3
WARNING: A Java agent has been loaded dynamically (C:\Users\SebastianRoseneck\.m2\repository\net\bytebuddy\byte-buddy-agent\1.17.6\byte-buddy-agent-1.17.6.jar)
WARNING: If a serviceability tool is in use, please run with -XX:+EnableDynamicAgentLoading to hide this warning
WARNING: If a serviceability tool is not in use, please run with -Djdk.instrument.traceUsage for more information
WARNING: Dynamic loading of agents will be disallowed by default in a future release
]]></system-err>
  </testcase>
  <testcase name="should_find_by_id_after_save" classname="de.envite.greenbpm.schulung.referenzimplementierung.fahrzeug.adapter.out.db.FahrzeugJdbcRepositoryTest" time="0.013"/>
  <testcase name="should_save_with_uuid" classname="de.envite.greenbpm.schulung.referenzimplementierung.fahrzeug.adapter.out.db.FahrzeugJdbcRepositoryTest" time="0.007"/>
</testsuite>