<?xml version="1.0" encoding="UTF-8"?>
<testsuite xmlns:xsi="http://www.w3.org/2001/XMLSchema-instance" xsi:noNamespaceSchemaLocation="https://maven.apache.org/surefire/maven-surefire-plugin/xsd/surefire-test-report.xsd" version="3.0.2" name="de.envite.greenbpm.schulung.referenzimplementierung.bestellung.domain.service.BestellungDomainServiceTest$Erfassung" time="0.124" tests="5" errors="0" skipped="0" failures="0">
  <properties>
[...]
</properties>
  <testcase name="should_throw_on_erfassen_with_multiple_errors" classname="de.envite.greenbpm.schulung.referenzimplementierung.bestellung.domain.service.BestellungDomainServiceTest$Erfassung" time="0.06"/>
  <testcase name="should_persists_on_erfassen" classname="de.envite.greenbpm.schulung.referenzimplementierung.bestellung.domain.service.BestellungDomainServiceTest$Erfassung" time="0.017"/>
  <testcase name="should_throw_on_erfassen_if_fahrzeug_does_not_exist" classname="de.envite.greenbpm.schulung.referenzimplementierung.bestellung.domain.service.BestellungDomainServiceTest$Erfassung" time="0.007"/>
  <testcase name="should_throw_on_erfassen_if_antragsteller_does_not_exist" classname="de.envite.greenbpm.schulung.referenzimplementierung.bestellung.domain.service.BestellungDomainServiceTest$Erfassung" time="0.005"/>
  <testcase name="should_not_catch_custom_exception" classname="de.envite.greenbpm.schulung.referenzimplementierung.bestellung.domain.service.BestellungDomainServiceTest$Erfassung" time="0.021"/>
</testsuite>